2026-04-01 11:29:33.482 +05:00 [INF] Beginning transaction
2026-04-01 11:29:33.627 +05:00 [INF] Beginning database upgrade
2026-04-01 11:29:33.636 +05:00 [INF] Checking whether journal table exists..
2026-04-01 11:29:33.688 +05:00 [INF] Journal table does not exist
2026-04-01 11:29:33.701 +05:00 [INF] No new scripts need to be executed - completing.
2026-04-01 11:29:34.072 +05:00 [INF] Beginning transaction
2026-04-01 11:29:34.072 +05:00 [INF] Beginning database upgrade
2026-04-01 11:29:34.080 +05:00 [INF] Checking whether journal table exists..
2026-04-01 11:29:34.114 +05:00 [INF] Journal table does not exist
2026-04-01 11:29:34.116 +05:00 [INF] No new scripts need to be executed - completing.
2026-04-01 11:29:36.899 +05:00 [INF] Starting Parser Request Consumer service {"QueueName":"visualsoft.surveillance.radar.events"}
2026-04-01 11:29:38.384 +05:00 [ERR] Hosting failed to start
System.IO.IOException: Failed to bind to address http://127.0.0.1:5211: address already in use.
 ---> Microsoft.AspNetCore.Connections.AddressInUseException: Only one usage of each socket address (protocol/network address/port) is normally permitted.
 ---> System.Net.Sockets.SocketException (10048): Only one usage of each socket address (protocol/network address/port) is normally permitted.
   at System.Net.Sockets.Socket.UpdateStatusAfterSocketErrorAndThrowException(SocketError error, Boolean disconnectOnFailure, String callerName)
   at System.Net.Sockets.Socket.DoBind(EndPoint endPointSnapshot, SocketAddress socketAddress)
   at System.Net.Sockets.Socket.Bind(EndPoint localEP)
   at Microsoft.AspNetCore.Server.Kestrel.Transport.Sockets.SocketTransportOptions.CreateDefaultBoundListenSocket(EndPoint endpoint)
   at Microsoft.AspNetCore.Server.Kestrel.Transport.Sockets.SocketConnectionListener.Bind()
   --- End of inner exception stack trace ---
   at Microsoft.AspNetCore.Server.Kestrel.Transport.Sockets.SocketConnectionListener.Bind()
   at Microsoft.AspNetCore.Server.Kestrel.Transport.Sockets.SocketTransportFactory.BindAsync(EndPoint endpoint, CancellationToken cancellationToken)
   at Microsoft.AspNetCore.Server.Kestrel.Core.Internal.Infrastructure.TransportManager.BindAsync(EndPoint endPoint, ConnectionDelegate connectionDelegate, EndpointConfig endpointConfig, CancellationToken cancellationToken)
   at Microsoft.AspNetCore.Server.Kestrel.Core.KestrelServerImpl.<>c__DisplayClass28_0`1.<<StartAsync>g__OnBind|0>d.MoveNext()
--- End of stack trace from previous location ---
   at Microsoft.AspNetCore.Server.Kestrel.Core.Internal.AddressBinder.BindEndpointAsync(ListenOptions endpoint, AddressBindContext context, CancellationToken cancellationToken)
   --- End of inner exception stack trace ---
   at Microsoft.AspNetCore.Server.Kestrel.Core.Internal.AddressBinder.BindEndpointAsync(ListenOptions endpoint, AddressBindContext context, CancellationToken cancellationToken)
   at Microsoft.AspNetCore.Server.Kestrel.Core.LocalhostListenOptions.BindAsync(AddressBindContext context, CancellationToken cancellationToken)
   at Microsoft.AspNetCore.Server.Kestrel.Core.Internal.AddressBinder.AddressesStrategy.BindAsync(AddressBindContext context, CancellationToken cancellationToken)
   at Microsoft.AspNetCore.Server.Kestrel.Core.Internal.AddressBinder.BindAsync(ListenOptions[] listenOptions, AddressBindContext context, Func`2 useHttps, CancellationToken cancellationToken)
   at Microsoft.AspNetCore.Server.Kestrel.Core.KestrelServerImpl.BindAsync(CancellationToken cancellationToken)
   at Microsoft.AspNetCore.Server.Kestrel.Core.KestrelServerImpl.StartAsync[TContext](IHttpApplication`1 application, CancellationToken cancellationToken)
   at Microsoft.AspNetCore.Hosting.GenericWebHostService.StartAsync(CancellationToken cancellationToken)
   at Microsoft.Extensions.Hosting.Internal.Host.<StartAsync>b__15_1(IHostedService service, CancellationToken token)
   at Microsoft.Extensions.Hosting.Internal.Host.ForeachService[T](IEnumerable`1 services, CancellationToken token, Boolean concurrent, Boolean abortOnFirstException, List`1 exceptions, Func`3 operation)
2026-04-01 11:30:16.243 +05:00 [INF] Beginning transaction
2026-04-01 11:30:16.359 +05:00 [INF] Beginning database upgrade
2026-04-01 11:30:16.366 +05:00 [INF] Checking whether journal table exists..
2026-04-01 11:30:16.392 +05:00 [INF] Journal table does not exist
2026-04-01 11:30:16.400 +05:00 [INF] No new scripts need to be executed - completing.
2026-04-01 11:30:16.546 +05:00 [INF] Beginning transaction
2026-04-01 11:30:16.547 +05:00 [INF] Beginning database upgrade
2026-04-01 11:30:16.547 +05:00 [INF] Checking whether journal table exists..
2026-04-01 11:30:16.572 +05:00 [INF] Journal table does not exist
2026-04-01 11:30:16.573 +05:00 [INF] No new scripts need to be executed - completing.
2026-04-01 11:30:17.738 +05:00 [INF] Starting Parser Request Consumer service {"QueueName":"visualsoft.surveillance.radar.events"}
2026-04-01 11:30:18.961 +05:00 [INF] Now listening on: https://localhost:7229
2026-04-01 11:30:18.971 +05:00 [INF] Now listening on: http://localhost:5211
2026-04-01 11:30:19.446 +05:00 [INF] Application started. Press Ctrl+C to shut down.
2026-04-01 11:30:19.448 +05:00 [INF] Hosting environment: Development
2026-04-01 11:30:19.448 +05:00 [INF] Content root path: D:\123\Ominia Backend\Omnia Backend\RadarBackend Seperate Project Code\VisualSoft.Surveillance.Radar.Api\VisualSoft.Surveillance.Radar.Api
